{"name": "Проверяем что заказы пользователя из раздела «История заказов» отображаются на странице «Лента заказов»", "status": "broken", "statusDetails": {"message": "selenium.common.exceptions.TimeoutException: Message:", "trace": "self = <test_feed_page.TestFeedPage object at 0x000001A2BD5050D0>\nget_browser = <selenium.webdriver.chrome.webdriver.WebDriver (session=\"f5175f1e1ae11b56fd6973f83738e129\")>\ncreate_new_user_by_api = {'email': 'kwfzxucgey@mail.ru', 'name': 'pykioayofe', 'password': 'dhcsxbspsw'}\nlogin_new_user = <selenium.webdriver.chrome.webdriver.WebDriver (session=\"f5175f1e1ae11b56fd6973f83738e129\")>\n\n    @allure.title('Проверяем что заказы пользователя из раздела «История заказов» отображаются на странице «Лента заказов»')\n    def test_user_orders_are_in_feed(self, get_browser, create_new_user_by_api, login_new_user):\n        # регистрируем нового пользователя и открываем окно веб-браузера и страницу профиля\n        driver = login_new_user\n        # создаем заказ\n>       self.__create_user_order(driver)\n\ntests\\test_feed_page.py:49: \n_ _ _ _ _ _ _ _ _ _ _ _ _ _ _ _ _ _ _ _ _ _ _ _ _ _ _ _ _ _ _ _ _ _ _ _ _ _ _ _ _ _ _ _ _ _ _ _ _ _ _ _ _ _ _ _ _ _ _ _ _ _ _ _ _ _ _ _ _ _ _ _ _ _ _ _ _ _ _\ntests\\test_feed_page.py:18: in __create_user_order\n    order = main_page.create_order()\npages\\constructor_page.py:110: in create_order\n    res = self.wait_for_changed_text(MainPageLocators.ORDER_MODAL_ORDER_NUMBER, '9999')\npages\\base_page.py:29: in wait_for_changed_text\n    return WebDriverWait(self.driver, 20).until(\n_ _ _ _ _ _ _ _ _ _ _ _ _ _ _ _ _ _ _ _ _ _ _ _ _ _ _ _ _ _ _ _ _ _ _ _ _ _ _ _ _ _ _ _ _ _ _ _ _ _ _ _ _ _ _ _ _ _ _ _ _ _ _ _ _ _ _ _ _ _ _ _ _ _ _ _ _ _ _\n\nself = <selenium.webdriver.support.wait.WebDriverWait (session=\"f5175f1e1ae11b56fd6973f83738e129\")>\nmethod = <function none_of.<locals>.none_of_condition at 0x000001A2BD5037E0>, message = ''\n\n    def until(self, method: Callable[[D], Union[Literal[False], T]], message: str = \"\") -> T:\n        \"\"\"Calls the method provided with the driver as an argument until the \\\n        return value does not evaluate to ``False``.\n    \n        :param method: callable(WebDriver)\n        :param message: optional message for :exc:`TimeoutException`\n        :returns: the result of the last call to `method`\n        :raises: :exc:`selenium.common.exceptions.TimeoutException` if timeout occurs\n        \"\"\"\n        screen = None\n        stacktrace = None\n    \n        end_time = time.monotonic() + self._timeout\n        while True:\n            try:\n                value = method(self._driver)\n                if value:\n                    return value\n            except self._ignored_exceptions as exc:\n                screen = getattr(exc, \"screen\", None)\n                stacktrace = getattr(exc, \"stacktrace\", None)\n            time.sleep(self._poll)\n            if time.monotonic() > end_time:\n                break\n>       raise TimeoutException(message, screen, stacktrace)\nE       selenium.common.exceptions.TimeoutException: Message:\n\n.venv\\Lib\\site-packages\\selenium\\webdriver\\support\\wait.py:105: TimeoutException"}, "steps": [{"name": "Создаем заказ и получаем его номер", "status": "broken", "statusDetails": {"message": "selenium.common.exceptions.TimeoutException: Message: \n\n", "trace": "  File \"C:\\Users\\Иван\\PycharmProjects\\qa-python-diplom-3\\.venv\\Lib\\site-packages\\allure_commons\\_allure.py\", line 192, in impl\n    return func(*a, **kw)\n           ^^^^^^^^^^^^^^\n  File \"C:\\Users\\Иван\\PycharmProjects\\qa-python-diplom-3\\pages\\constructor_page.py\", line 110, in create_order\n    res = self.wait_for_changed_text(MainPageLocators.ORDER_MODAL_ORDER_NUMBER, '9999')\n          ^^^^^^^^^^^^^^^^^^^^^^^^^^^^^^^^^^^^^^^^^^^^^^^^^^^^^^^^^^^^^^^^^^^^^^^^^^^^^\n  File \"C:\\Users\\Иван\\PycharmProjects\\qa-python-diplom-3\\.venv\\Lib\\site-packages\\allure_commons\\_allure.py\", line 192, in impl\n    return func(*a, **kw)\n           ^^^^^^^^^^^^^^\n  File \"C:\\Users\\Иван\\PycharmProjects\\qa-python-diplom-3\\pages\\base_page.py\", line 29, in wait_for_changed_text\n    return WebDriverWait(self.driver, 20).until(\n           ^^^^^^^^^^^^^^^^^^^^^^^^^^^^^^^^^^^^^\n  File \"C:\\Users\\Иван\\PycharmProjects\\qa-python-diplom-3\\.venv\\Lib\\site-packages\\selenium\\webdriver\\support\\wait.py\", line 105, in until\n    raise TimeoutException(message, screen, stacktrace)\n"}, "steps": [{"name": "Создаем заказ", "status": "passed", "steps": [{"name": "Открываем Главную страницу", "status": "passed", "steps": [{"name": "Открываем страницу по URL", "status": "passed", "parameters": [{"name": "page_url", "value": "'https://stellarburgers.nomoreparties.site'"}], "start": 1704643867445, "stop": 1704643868210}, {"name": "Ждем загрузку элемента HTML по локатору", "status": "passed", "parameters": [{"name": "locator", "value": "('xpath', './/button')"}], "start": 1704643868210, "stop": 1704643868235}], "start": 1704643867445, "stop": 1704643868235}, {"name": "Добавляем булку в заказ", "status": "passed", "steps": [{"name": "Ждем загрузку элемента HTML по локатору", "status": "passed", "parameters": [{"name": "locator", "value": "('xpath', '//*[contains(@href,\"/ingredient/\")]')"}], "start": 1704643868236, "stop": 1704643869796}, {"name": "Ждем загрузку элемента HTML по локатору", "status": "passed", "parameters": [{"name": "locator", "value": "('xpath', './/span[text()=\"Перетяните булочку сюда (верх)\"]')"}], "start": 1704643869796, "stop": 1704643869821}, {"name": "Перемещаем элемент", "status": "passed", "parameters": [{"name": "source", "value": "<selenium.webdriver.remote.webelement.WebElement (session=\"f5175f1e1ae11b56fd6973f83738e129\", element=\"5276F7804C1EB4C11357ED5B4B542EA8_element_43\")>"}, {"name": "target", "value": "<selenium.webdriver.remote.webelement.WebElement (session=\"f5175f1e1ae11b56fd6973f83738e129\", element=\"5276F7804C1EB4C11357ED5B4B542EA8_element_44\")>"}], "start": 1704643869821, "stop": 1704643870378}], "start": 1704643868235, "stop": 1704643870378}, {"name": "Добавляем соус в заказ", "status": "passed", "steps": [{"name": "Прокручиваем страницу к соусу", "status": "passed", "steps": [{"name": "Прокручиваем страницу до элемента по локатору", "status": "passed", "parameters": [{"name": "locator", "value": "('xpath', '(//*[contains(@href,\"/ingredient/\")])[3]')"}], "start": 1704643870379, "stop": 1704643870413}], "start": 1704643870379, "stop": 1704643870413}, {"name": "Ждем загрузку элемента HTML по локатору", "status": "passed", "parameters": [{"name": "locator", "value": "('xpath', '(//*[contains(@href,\"/ingredient/\")])[3]')"}], "start": 1704643870413, "stop": 1704643870434}, {"name": "Ждем загрузку элемента HTML по локатору", "status": "passed", "parameters": [{"name": "locator", "value": "('xpath', '//*[contains(@class,\"BurgerConstructor_basket__list\")]')"}], "start": 1704643870434, "stop": 1704643870460}, {"name": "Перемещаем элемент", "status": "passed", "parameters": [{"name": "source", "value": "<selenium.webdriver.remote.webelement.WebElement (session=\"f5175f1e1ae11b56fd6973f83738e129\", element=\"5276F7804C1EB4C11357ED5B4B542EA8_element_47\")>"}, {"name": "target", "value": "<selenium.webdriver.remote.webelement.WebElement (session=\"f5175f1e1ae11b56fd6973f83738e129\", element=\"5276F7804C1EB4C11357ED5B4B542EA8_element_48\")>"}], "start": 1704643870460, "stop": 1704643871020}], "start": 1704643870379, "stop": 1704643871020}, {"name": "Добавляем начинку в заказ", "status": "passed", "steps": [{"name": "Прокручиваем страницу к начинке", "status": "passed", "steps": [{"name": "Прокручиваем страницу до элемента по локатору", "status": "passed", "parameters": [{"name": "locator", "value": "('xpath', '(//*[contains(@href,\"/ingredient/\")])[7]')"}], "start": 1704643871021, "stop": 1704643871065}], "start": 1704643871020, "stop": 1704643871065}, {"name": "Ждем загрузку элемента HTML по локатору", "status": "passed", "parameters": [{"name": "locator", "value": "('xpath', '(//*[contains(@href,\"/ingredient/\")])[7]')"}], "start": 1704643871065, "stop": 1704643871096}, {"name": "Ждем загрузку элемента HTML по локатору", "status": "passed", "parameters": [{"name": "locator", "value": "('xpath', '//*[contains(@class,\"BurgerConstructor_basket__list\")]')"}], "start": 1704643871097, "stop": 1704643871119}, {"name": "Перемещаем элемент", "status": "passed", "parameters": [{"name": "source", "value": "<selenium.webdriver.remote.webelement.WebElement (session=\"f5175f1e1ae11b56fd6973f83738e129\", element=\"5276F7804C1EB4C11357ED5B4B542EA8_element_54\")>"}, {"name": "target", "value": "<selenium.webdriver.remote.webelement.WebElement (session=\"f5175f1e1ae11b56fd6973f83738e129\", element=\"5276F7804C1EB4C11357ED5B4B542EA8_element_48\")>"}], "start": 1704643871119, "stop": 1704643871685}], "start": 1704643871020, "stop": 1704643871685}, {"name": "Ждем видимости элемента по локатору и кликаем", "status": "passed", "steps": [{"name": "Ждем видимости элемента по локатору и кликаем", "status": "passed", "parameters": [{"name": "locator", "value": "('xpath', \".//button[text()='Оформить заказ']\")"}], "start": 1704643876687, "stop": 1704643876752}], "start": 1704643876687, "stop": 1704643876752}], "start": 1704643867445, "stop": 1704643876752}, {"name": "Проверяем, что появилось всплывающее окно с деталями заказа", "status": "passed", "steps": [{"name": "Ждем загрузку элемента HTML по локатору", "status": "passed", "parameters": [{"name": "locator", "value": "('xpath', './/section[contains(@class,\"Modal_modal_opened__3ISw4\")]')"}], "start": 1704643876753, "stop": 1704643876780}], "start": 1704643876753, "stop": 1704643876780}, {"name": "Ждем пока текст элемента HTML по локатору будет отличаться от значения", "status": "broken", "statusDetails": {"message": "selenium.common.exceptions.TimeoutException: Message: \n\n", "trace": "  File \"C:\\Users\\Иван\\PycharmProjects\\qa-python-diplom-3\\.venv\\Lib\\site-packages\\allure_commons\\_allure.py\", line 192, in impl\n    return func(*a, **kw)\n           ^^^^^^^^^^^^^^\n  File \"C:\\Users\\Иван\\PycharmProjects\\qa-python-diplom-3\\pages\\base_page.py\", line 29, in wait_for_changed_text\n    return WebDriverWait(self.driver, 20).until(\n           ^^^^^^^^^^^^^^^^^^^^^^^^^^^^^^^^^^^^^\n  File \"C:\\Users\\Иван\\PycharmProjects\\qa-python-diplom-3\\.venv\\Lib\\site-packages\\selenium\\webdriver\\support\\wait.py\", line 105, in until\n    raise TimeoutException(message, screen, stacktrace)\n"}, "parameters": [{"name": "locator", "value": "('xpath', './/h2[contains(@class,\"Modal_modal__title_shadow\")]')"}, {"name": "text_value", "value": "'9999'"}], "start": 1704643876780, "stop": 1704643897103}], "start": 1704643867445, "stop": 1704643897106}], "attachments": [{"name": "stdout", "source": "e3b7e4ca-e07c-4408-a5c2-e87acdf6523e-attachment.txt", "type": "text/plain"}], "start": 1704643867444, "stop": 1704643897107, "uuid": "82d64665-ab87-4f45-8fab-80e9ccc91d19", "historyId": "802d6d1cf9525a108721f0ce1a8ac219", "testCaseId": "802d6d1cf9525a108721f0ce1a8ac219", "fullName": "tests.test_feed_page.TestFeedPage#test_user_orders_are_in_feed", "labels": [{"name": "parentSuite", "value": "tests"}, {"name": "suite", "value": "test_feed_page"}, {"name": "subSuite", "value": "TestFeedPage"}, {"name": "host", "value": "DESKTOP-0A7KFK3"}, {"name": "thread", "value": "20516-MainThread"}, {"name": "framework", "value": "pytest"}, {"name": "language", "value": "cpython3"}, {"name": "package", "value": "tests.test_feed_page"}]}