{"name": "Проверяем что после оформления заказа его номер появляется в разделе В работе", "status": "broken", "statusDetails": {"message": "selenium.common.exceptions.TimeoutException: Message:", "trace": "self = <test_feed_page.TestFeedPage object at 0x0000020F653B64B0>\nget_browser = <selenium.webdriver.chrome.webdriver.WebDriver (session=\"ee20648f3d9c2e8a2fec48259ea9187a\")>\ncreate_new_user_by_api = {'email': 'bwxrovkdwm@mail.ru', 'name': 'ztsiewxxlw', 'password': 'cdnjtbkpvu'}\nlogin_new_user = <selenium.webdriver.chrome.webdriver.WebDriver (session=\"ee20648f3d9c2e8a2fec48259ea9187a\")>\n\n    @allure.title('Проверяем что после оформления заказа его номер появляется в разделе В работе')\n    def test_user_order_is_in_work(self, get_browser, create_new_user_by_api, login_new_user):\n        # регистрируем нового пользователя и открываем окно веб-браузера и страницу профиля\n        driver = login_new_user\n        # создаем заказ\n>       new_order = self.__create_user_order(driver)\n\ntests\\test_feed_page.py:65: \n_ _ _ _ _ _ _ _ _ _ _ _ _ _ _ _ _ _ _ _ _ _ _ _ _ _ _ _ _ _ _ _ _ _ _ _ _ _ _ _ _ _ _ _ _ _ _ _ _ _ _ _ _ _ _ _ _ _ _ _ _ _ _ _ _ _ _ _ _ _ _ _ _ _ _ _ _ _ _\ntests\\test_feed_page.py:18: in __create_user_order\n    order = main_page.create_order()\npages\\constructor_page.py:110: in create_order\n    res = self.wait_for_changed_text(MainPageLocators.ORDER_MODAL_ORDER_NUMBER, '9999')\npages\\base_page.py:29: in wait_for_changed_text\n    return WebDriverWait(self.driver, 20).until(\n_ _ _ _ _ _ _ _ _ _ _ _ _ _ _ _ _ _ _ _ _ _ _ _ _ _ _ _ _ _ _ _ _ _ _ _ _ _ _ _ _ _ _ _ _ _ _ _ _ _ _ _ _ _ _ _ _ _ _ _ _ _ _ _ _ _ _ _ _ _ _ _ _ _ _ _ _ _ _\n\nself = <selenium.webdriver.support.wait.WebDriverWait (session=\"ee20648f3d9c2e8a2fec48259ea9187a\")>\nmethod = <function none_of.<locals>.none_of_condition at 0x0000020F653CA480>, message = ''\n\n    def until(self, method: Callable[[D], Union[Literal[False], T]], message: str = \"\") -> T:\n        \"\"\"Calls the method provided with the driver as an argument until the \\\n        return value does not evaluate to ``False``.\n    \n        :param method: callable(WebDriver)\n        :param message: optional message for :exc:`TimeoutException`\n        :returns: the result of the last call to `method`\n        :raises: :exc:`selenium.common.exceptions.TimeoutException` if timeout occurs\n        \"\"\"\n        screen = None\n        stacktrace = None\n    \n        end_time = time.monotonic() + self._timeout\n        while True:\n            try:\n                value = method(self._driver)\n                if value:\n                    return value\n            except self._ignored_exceptions as exc:\n                screen = getattr(exc, \"screen\", None)\n                stacktrace = getattr(exc, \"stacktrace\", None)\n            time.sleep(self._poll)\n            if time.monotonic() > end_time:\n                break\n>       raise TimeoutException(message, screen, stacktrace)\nE       selenium.common.exceptions.TimeoutException: Message:\n\n.venv\\Lib\\site-packages\\selenium\\webdriver\\support\\wait.py:105: TimeoutException"}, "steps": [{"name": "Создаем заказ и получаем его номер", "status": "broken", "statusDetails": {"message": "selenium.common.exceptions.TimeoutException: Message: \n\n", "trace": "  File \"C:\\Users\\Иван\\PycharmProjects\\qa-python-diplom-3\\.venv\\Lib\\site-packages\\allure_commons\\_allure.py\", line 192, in impl\n    return func(*a, **kw)\n           ^^^^^^^^^^^^^^\n  File \"C:\\Users\\Иван\\PycharmProjects\\qa-python-diplom-3\\pages\\constructor_page.py\", line 110, in create_order\n    res = self.wait_for_changed_text(MainPageLocators.ORDER_MODAL_ORDER_NUMBER, '9999')\n          ^^^^^^^^^^^^^^^^^^^^^^^^^^^^^^^^^^^^^^^^^^^^^^^^^^^^^^^^^^^^^^^^^^^^^^^^^^^^^\n  File \"C:\\Users\\Иван\\PycharmProjects\\qa-python-diplom-3\\.venv\\Lib\\site-packages\\allure_commons\\_allure.py\", line 192, in impl\n    return func(*a, **kw)\n           ^^^^^^^^^^^^^^\n  File \"C:\\Users\\Иван\\PycharmProjects\\qa-python-diplom-3\\pages\\base_page.py\", line 29, in wait_for_changed_text\n    return WebDriverWait(self.driver, 20).until(\n           ^^^^^^^^^^^^^^^^^^^^^^^^^^^^^^^^^^^^^\n  File \"C:\\Users\\Иван\\PycharmProjects\\qa-python-diplom-3\\.venv\\Lib\\site-packages\\selenium\\webdriver\\support\\wait.py\", line 105, in until\n    raise TimeoutException(message, screen, stacktrace)\n"}, "steps": [{"name": "Создаем заказ", "status": "passed", "steps": [{"name": "Открываем Главную страницу", "status": "passed", "steps": [{"name": "Открываем страницу по URL", "status": "passed", "parameters": [{"name": "page_url", "value": "'https://stellarburgers.nomoreparties.site'"}], "start": 1704635394489, "stop": 1704635395120}, {"name": "Ждем загрузку элемента HTML по локатору", "status": "passed", "parameters": [{"name": "locator", "value": "('xpath', './/button')"}], "start": 1704635395120, "stop": 1704635395149}], "start": 1704635394489, "stop": 1704635395149}, {"name": "Добавляем булку в заказ", "status": "passed", "steps": [{"name": "Ждем загрузку элемента HTML по локатору", "status": "passed", "parameters": [{"name": "locator", "value": "('xpath', '//*[contains(@href,\"/ingredient/\")]')"}], "start": 1704635395149, "stop": 1704635395708}, {"name": "Ждем загрузку элемента HTML по локатору", "status": "passed", "parameters": [{"name": "locator", "value": "('xpath', './/span[text()=\"Перетяните булочку сюда (верх)\"]')"}], "start": 1704635395709, "stop": 1704635395734}, {"name": "Перемещаем элемент", "status": "passed", "parameters": [{"name": "source", "value": "<selenium.webdriver.remote.webelement.WebElement (session=\"ee20648f3d9c2e8a2fec48259ea9187a\", element=\"D35F0271FC0ACD0AFB0A68048412ED21_element_43\")>"}, {"name": "target", "value": "<selenium.webdriver.remote.webelement.WebElement (session=\"ee20648f3d9c2e8a2fec48259ea9187a\", element=\"D35F0271FC0ACD0AFB0A68048412ED21_element_46\")>"}], "start": 1704635395735, "stop": 1704635396306}], "start": 1704635395149, "stop": 1704635396306}, {"name": "Добавляем соус в заказ", "status": "passed", "steps": [{"name": "Прокручиваем страницу к соусу", "status": "passed", "steps": [{"name": "Прокручиваем страницу до элемента по локатору", "status": "passed", "parameters": [{"name": "locator", "value": "('xpath', '(//*[contains(@href,\"/ingredient/\")])[3]')"}], "start": 1704635396306, "stop": 1704635396338}], "start": 1704635396306, "stop": 1704635396338}, {"name": "Ждем загрузку элемента HTML по локатору", "status": "passed", "parameters": [{"name": "locator", "value": "('xpath', '(//*[contains(@href,\"/ingredient/\")])[3]')"}], "start": 1704635396338, "stop": 1704635396368}, {"name": "Ждем загрузку элемента HTML по локатору", "status": "passed", "parameters": [{"name": "locator", "value": "('xpath', '//*[contains(@class,\"BurgerConstructor_basket__list\")]')"}], "start": 1704635396368, "stop": 1704635396399}, {"name": "Перемещаем элемент", "status": "passed", "parameters": [{"name": "source", "value": "<selenium.webdriver.remote.webelement.WebElement (session=\"ee20648f3d9c2e8a2fec48259ea9187a\", element=\"D35F0271FC0ACD0AFB0A68048412ED21_element_51\")>"}, {"name": "target", "value": "<selenium.webdriver.remote.webelement.WebElement (session=\"ee20648f3d9c2e8a2fec48259ea9187a\", element=\"D35F0271FC0ACD0AFB0A68048412ED21_element_49\")>"}], "start": 1704635396400, "stop": 1704635396970}], "start": 1704635396306, "stop": 1704635396970}, {"name": "Добавляем начинку в заказ", "status": "passed", "steps": [{"name": "Прокручиваем страницу к начинке", "status": "passed", "steps": [{"name": "Прокручиваем страницу до элемента по локатору", "status": "passed", "parameters": [{"name": "locator", "value": "('xpath', '(//*[contains(@href,\"/ingredient/\")])[7]')"}], "start": 1704635396970, "stop": 1704635397004}], "start": 1704635396970, "stop": 1704635397004}, {"name": "Ждем загрузку элемента HTML по локатору", "status": "passed", "parameters": [{"name": "locator", "value": "('xpath', '(//*[contains(@href,\"/ingredient/\")])[7]')"}], "start": 1704635397005, "stop": 1704635397035}, {"name": "Ждем загрузку элемента HTML по локатору", "status": "passed", "parameters": [{"name": "locator", "value": "('xpath', '//*[contains(@class,\"BurgerConstructor_basket__list\")]')"}], "start": 1704635397036, "stop": 1704635397057}, {"name": "Перемещаем элемент", "status": "passed", "parameters": [{"name": "source", "value": "<selenium.webdriver.remote.webelement.WebElement (session=\"ee20648f3d9c2e8a2fec48259ea9187a\", element=\"D35F0271FC0ACD0AFB0A68048412ED21_element_57\")>"}, {"name": "target", "value": "<selenium.webdriver.remote.webelement.WebElement (session=\"ee20648f3d9c2e8a2fec48259ea9187a\", element=\"D35F0271FC0ACD0AFB0A68048412ED21_element_49\")>"}], "start": 1704635397057, "stop": 1704635397618}], "start": 1704635396970, "stop": 1704635397618}, {"name": "Ждем видимости элемента по локатору и кликаем", "status": "passed", "steps": [{"name": "Ждем видимости элемента по локатору и кликаем", "status": "passed", "parameters": [{"name": "locator", "value": "('xpath', \".//button[text()='Оформить заказ']\")"}], "start": 1704635402620, "stop": 1704635402688}], "start": 1704635402620, "stop": 1704635402688}], "start": 1704635394489, "stop": 1704635402688}, {"name": "Проверяем, что появилось всплывающее окно с деталями заказа", "status": "passed", "steps": [{"name": "Ждем загрузку элемента HTML по локатору", "status": "passed", "parameters": [{"name": "locator", "value": "('xpath', './/section[contains(@class,\"Modal_modal_opened__3ISw4\")]')"}], "start": 1704635402688, "stop": 1704635402717}], "start": 1704635402688, "stop": 1704635402717}, {"name": "Ждем пока текст элемента HTML по локатору будет отличаться от значения", "status": "broken", "statusDetails": {"message": "selenium.common.exceptions.TimeoutException: Message: \n\n", "trace": "  File \"C:\\Users\\Иван\\PycharmProjects\\qa-python-diplom-3\\.venv\\Lib\\site-packages\\allure_commons\\_allure.py\", line 192, in impl\n    return func(*a, **kw)\n           ^^^^^^^^^^^^^^\n  File \"C:\\Users\\Иван\\PycharmProjects\\qa-python-diplom-3\\pages\\base_page.py\", line 29, in wait_for_changed_text\n    return WebDriverWait(self.driver, 20).until(\n           ^^^^^^^^^^^^^^^^^^^^^^^^^^^^^^^^^^^^^\n  File \"C:\\Users\\Иван\\PycharmProjects\\qa-python-diplom-3\\.venv\\Lib\\site-packages\\selenium\\webdriver\\support\\wait.py\", line 105, in until\n    raise TimeoutException(message, screen, stacktrace)\n"}, "parameters": [{"name": "locator", "value": "('xpath', './/h2[contains(@class,\"Modal_modal__title_shadow\")]')"}, {"name": "text_value", "value": "'9999'"}], "start": 1704635402717, "stop": 1704635423016}], "start": 1704635394489, "stop": 1704635423018}], "attachments": [{"name": "stdout", "source": "5378b915-c2b8-4288-b89c-5641766dfebc-attachment.txt", "type": "text/plain"}], "start": 1704635394489, "stop": 1704635423020, "uuid": "e4db4f5b-51ec-45ad-b1a5-264fd35e9964", "historyId": "73887b5f8928db15eb2febbc534e5552", "testCaseId": "73887b5f8928db15eb2febbc534e5552", "fullName": "tests.test_feed_page.TestFeedPage#test_user_order_is_in_work", "labels": [{"name": "parentSuite", "value": "tests"}, {"name": "suite", "value": "test_feed_page"}, {"name": "subSuite", "value": "TestFeedPage"}, {"name": "host", "value": "DESKTOP-0A7KFK3"}, {"name": "thread", "value": "7772-MainThread"}, {"name": "framework", "value": "pytest"}, {"name": "language", "value": "cpython3"}, {"name": "package", "value": "tests.test_feed_page"}]}